[0.000000] (-) TimerEvent: {}
[0.000167] (-) JobUnselected: {'identifier': 'abb4600_gazebo'}
[0.000339] (-) JobUnselected: {'identifier': 'abb4600_interfaces'}
[0.000432] (-) JobUnselected: {'identifier': 'abb4600_rws_cpp'}
[0.000618] (-) JobUnselected: {'identifier': 'abb_bringup'}
[0.000655] (-) JobUnselected: {'identifier': 'abb_egm_msgs'}
[0.000678] (-) JobUnselected: {'identifier': 'abb_egm_rws_managers'}
[0.000693] (-) JobUnselected: {'identifier': 'abb_hardware_interface'}
[0.000751] (-) JobUnselected: {'identifier': 'abb_irb4600_60_205_moveit_config'}
[0.000766] (-) JobUnselected: {'identifier': 'abb_irb4600_support'}
[0.000778] (-) JobUnselected: {'identifier': 'abb_libegm'}
[0.000790] (-) JobUnselected: {'identifier': 'abb_librws'}
[0.000803] (-) JobUnselected: {'identifier': 'abb_rapid_msgs'}
[0.000827] (-) JobUnselected: {'identifier': 'abb_rapid_sm_addin_msgs'}
[0.000840] (-) JobUnselected: {'identifier': 'abb_resources'}
[0.000851] (-) JobUnselected: {'identifier': 'abb_robot_msgs'}
[0.000924] (-) JobUnselected: {'identifier': 'abb_ros2'}
[0.000942] (-) JobUnselected: {'identifier': 'abb_rws_client'}
[0.000952] (-) JobUnselected: {'identifier': 'hook_vision'}
[0.000966] (sm_abb4600_unhook) JobQueued: {'identifier': 'sm_abb4600_unhook', 'dependencies': OrderedDict({'abb4600_interfaces': '/home/lyr/xm/install/abb4600_interfaces'})}
[0.000991] (sm_abb4600_unhook) JobStarted: {'identifier': 'sm_abb4600_unhook'}
[0.009430] (sm_abb4600_unhook) JobEnded: {'identifier': 'sm_abb4600_unhook', 'rc': 1}
[0.019792] (-) EventReactorShutdown: {}
