[0.000000] (-) TimerEvent: {}
[0.000168] (-) JobUnselected: {'identifier': 'abb4600_gazebo'}
[0.000197] (-) JobUnselected: {'identifier': 'abb4600_interfaces'}
[0.000215] (-) JobUnselected: {'identifier': 'abb4600_rws_cpp'}
[0.000229] (-) JobUnselected: {'identifier': 'abb_bringup'}
[0.000242] (-) JobUnselected: {'identifier': 'abb_egm_msgs'}
[0.000254] (-) JobUnselected: {'identifier': 'abb_egm_rws_managers'}
[0.000266] (-) JobUnselected: {'identifier': 'abb_hardware_interface'}
[0.000278] (-) JobUnselected: {'identifier': 'abb_irb4600_60_205_moveit_config'}
[0.000290] (-) JobUnselected: {'identifier': 'abb_irb4600_support'}
[0.000301] (-) JobUnselected: {'identifier': 'abb_libegm'}
[0.000312] (-) JobUnselected: {'identifier': 'abb_librws'}
[0.000324] (-) JobUnselected: {'identifier': 'abb_rapid_msgs'}
[0.000336] (-) JobUnselected: {'identifier': 'abb_rapid_sm_addin_msgs'}
[0.000347] (-) JobUnselected: {'identifier': 'abb_resources'}
[0.000358] (-) JobUnselected: {'identifier': 'abb_robot_msgs'}
[0.000370] (-) JobUnselected: {'identifier': 'abb_ros2'}
[0.000381] (-) JobUnselected: {'identifier': 'abb_rws_client'}
[0.000393] (-) JobUnselected: {'identifier': 'hook_vision'}
[0.000406] (sm_abb4600_unhook) JobQueued: {'identifier': 'sm_abb4600_unhook', 'dependencies': OrderedDict({'abb4600_interfaces': '/home/lyr/xm/install/abb4600_interfaces'})}
[0.000800] (sm_abb4600_unhook) JobStarted: {'identifier': 'sm_abb4600_unhook'}
[0.008988] (sm_abb4600_unhook) JobEnded: {'identifier': 'sm_abb4600_unhook', 'rc': 1}
[0.019320] (-) EventReactorShutdown: {}
